20:05:39.269 [background-preinit] INFO  o.h.validator.internal.util.Version  - HV000001: Hibernate Validator 6.2.0.Final
20:05:39.273 [main] INFO  kr.bunda.user.UserApplication  - Starting UserApplication using Java 14 on DESKTOP-TGGJB9J with PID 10356 (G:\git\bunda\backend\user\target\classes started by kjhhj in G:\git\bunda\backend)
20:05:39.274 [main] INFO  kr.bunda.user.UserApplication  - The following profiles are active: prod-eureka,common,eureka
20:05:40.417 [main] INFO  o.s.d.r.c.RepositoryConfigurationDelegate  - Bootstrapping Spring Data JPA repositories in DEFAULT mode.
20:05:40.486 [main] INFO  o.s.d.r.c.RepositoryConfigurationDelegate  - Finished Spring Data repository scanning in 59 ms. Found 1 JPA repository interfaces.
20:05:40.746 [main] INFO  o.s.cloud.context.scope.GenericScope  - BeanFactory id=147bef7a-aa37-3245-8cb1-2a469b4ff0a9
20:05:41.212 [main] INFO  o.s.b.w.e.tomcat.TomcatWebServer  - Tomcat initialized with port(s): 8601 (http)
20:05:41.221 [main] INFO  o.a.coyote.http11.Http11NioProtocol  - Initializing ProtocolHandler ["http-nio-8601"]
20:05:41.222 [main] INFO  o.a.catalina.core.StandardService  - Starting service [Tomcat]
20:05:41.222 [main] INFO  o.a.catalina.core.StandardEngine  - Starting Servlet engine: [Apache Tomcat/9.0.50]
20:05:41.478 [main] INFO  o.a.c.c.C.[Tomcat].[localhost].[/]  - Initializing Spring embedded WebApplicationContext
20:05:41.478 [main] INFO  o.s.b.w.s.c.ServletWebServerApplicationContext  - Root WebApplicationContext: initialization completed in 2145 ms
20:05:41.729 [main] INFO  o.h.jpa.internal.util.LogHelper  - HHH000204: Processing PersistenceUnitInfo [name: default]
20:05:41.807 [main] INFO  org.hibernate.Version  - HHH000412: Hibernate ORM core version 5.4.32.Final
20:05:41.957 [main] INFO  o.h.annotations.common.Version  - HCANN000001: Hibernate Commons Annotations {5.1.2.Final}
20:05:42.078 [main] INFO  com.zaxxer.hikari.HikariDataSource  - HikariPool-1 - Starting...
20:05:42.384 [main] INFO  com.zaxxer.hikari.HikariDataSource  - HikariPool-1 - Start completed.
20:05:42.407 [main] INFO  org.hibernate.dialect.Dialect  - HHH000400: Using dialect: org.hibernate.dialect.MySQL8Dialect
20:05:43.193 [main] INFO  o.h.e.t.j.p.i.JtaPlatformInitiator  - HHH000490: Using JtaPlatform implementation: [org.hibernate.engine.transaction.jta.platform.internal.NoJtaPlatform]
20:05:43.203 [main] INFO  o.s.o.j.LocalContainerEntityManagerFactoryBean  - Initialized JPA EntityManagerFactory for persistence unit 'default'
20:05:43.596 [main] WARN  o.s.b.a.o.j.JpaBaseConfiguration$JpaWebConfiguration  - spring.jpa.open-in-view is enabled by default. Therefore, database queries may be performed during view rendering. Explicitly configure spring.jpa.open-in-view to disable this warning
20:05:45.147 [main] INFO  o.s.cloud.commons.util.InetUtils  - Cannot determine local hostname
20:05:45.464 [main] INFO  o.s.b.a.s.s.UserDetailsServiceAutoConfiguration  - 

Using generated security password: d3785180-fe44-45f5-8f02-d7430a794704

20:05:45.582 [main] INFO  o.s.b.a.e.web.EndpointLinksResolver  - Exposing 14 endpoint(s) beneath base path '/actuator'
20:05:45.602 [main] INFO  o.s.s.web.DefaultSecurityFilterChain  - Will secure any request with [org.springframework.security.web.context.request.async.WebAsyncManagerIntegrationFilter@7f36cd8f, org.springframework.security.web.context.SecurityContextPersistenceFilter@44ac94c2, org.springframework.security.web.header.HeaderWriterFilter@22b4ad0c, org.springframework.web.filter.CorsFilter@20040c6e, org.springframework.security.web.csrf.CsrfFilter@1188e08b, org.springframework.security.web.authentication.logout.LogoutFilter@39a1c200, org.springframework.security.web.authentication.UsernamePasswordAuthenticationFilter@4cff38ff, org.springframework.security.web.authentication.ui.DefaultLoginPageGeneratingFilter@603a34e5, org.springframework.security.web.authentication.ui.DefaultLogoutPageGeneratingFilter@cbea0df, org.springframework.security.web.authentication.www.BasicAuthenticationFilter@3a22d69f, org.springframework.security.web.savedrequest.RequestCacheAwareFilter@524b1e41, org.springframework.security.web.servletapi.SecurityContextHolderAwareRequestFilter@7daf167, org.springframework.security.web.authentication.AnonymousAuthenticationFilter@396f3bf2, org.springframework.security.web.session.SessionManagementFilter@2cdcedef, org.springframework.security.web.access.ExceptionTranslationFilter@1146e32e, org.springframework.security.web.access.intercept.FilterSecurityInterceptor@6cb2b947]
20:05:46.916 [main] INFO  o.s.cloud.commons.util.InetUtils  - Cannot determine local hostname
20:05:46.926 [main] INFO  o.s.c.n.e.c.DiscoveryClientOptionalArgsConfiguration  - Eureka HTTP Client uses RestTemplate.
20:05:46.996 [main] WARN  o.s.c.l.c.LoadBalancerCacheAutoConfiguration$LoadBalancerCaffeineWarnLogger  - Spring Cloud LoadBalancer is currently working with the default cache. You can switch to using Caffeine cache, by adding it and org.springframework.cache.caffeine.CaffeineCacheManager to the classpath.
20:05:47.077 [main] INFO  o.s.c.n.eureka.InstanceInfoFactory  - Setting initial instance status as: STARTING
20:05:47.120 [main] INFO  c.netflix.discovery.DiscoveryClient  - Initializing Eureka in region us-east-1
20:05:47.128 [main] INFO  c.n.d.s.r.aws.ConfigClusterResolver  - Resolving eureka endpoints via configuration
20:05:47.156 [main] INFO  c.netflix.discovery.DiscoveryClient  - Disable delta property : false
20:05:47.156 [main] INFO  c.netflix.discovery.DiscoveryClient  - Single vip registry refresh property : null
20:05:47.156 [main] INFO  c.netflix.discovery.DiscoveryClient  - Force full registry fetch : false
20:05:47.156 [main] INFO  c.netflix.discovery.DiscoveryClient  - Application is null : false
20:05:47.156 [main] INFO  c.netflix.discovery.DiscoveryClient  - Registered Applications size is zero : true
20:05:47.156 [main] INFO  c.netflix.discovery.DiscoveryClient  - Application version is -1: true
20:05:47.156 [main] INFO  c.netflix.discovery.DiscoveryClient  - Getting all instance registry info from the eureka server
20:05:47.477 [main] INFO  c.netflix.discovery.DiscoveryClient  - The response status is 200
20:05:47.480 [main] INFO  c.netflix.discovery.DiscoveryClient  - Starting heartbeat executor: renew interval is: 30
20:05:47.483 [main] INFO  c.n.discovery.InstanceInfoReplicator  - InstanceInfoReplicator onDemand update allowed rate per min is 4
20:05:47.489 [main] INFO  c.netflix.discovery.DiscoveryClient  - Discovery Client initialized at timestamp 1628766347488 with initial instances count: 0
20:05:47.493 [main] INFO  o.s.c.n.e.s.EurekaServiceRegistry  - Registering application USER-SERVICE with eureka with status UP
20:05:47.494 [main] INFO  c.netflix.discovery.DiscoveryClient  - Saw local status change event StatusChangeEvent [timestamp=1628766347494, current=UP, previous=STARTING]
20:05:47.497 [DiscoveryClient-InstanceInfoReplicator-0] INFO  c.netflix.discovery.DiscoveryClient  - DiscoveryClient_USER-SERVICE/localhost:user-service:8601: registering service...
20:05:47.498 [main] INFO  o.a.coyote.http11.Http11NioProtocol  - Starting ProtocolHandler ["http-nio-8601"]
20:05:47.523 [main] INFO  o.s.b.w.e.tomcat.TomcatWebServer  - Tomcat started on port(s): 8601 (http) with context path ''
20:05:47.524 [main] INFO  o.s.c.n.e.s.EurekaAutoServiceRegistration  - Updating port to 8601
20:05:47.582 [DiscoveryClient-InstanceInfoReplicator-0] INFO  c.netflix.discovery.DiscoveryClient  - DiscoveryClient_USER-SERVICE/localhost:user-service:8601 - registration status: 204
20:05:48.762 [main] INFO  o.s.cloud.commons.util.InetUtils  - Cannot determine local hostname
20:05:48.780 [main] INFO  kr.bunda.user.UserApplication  - Started UserApplication in 11.407 seconds (JVM running for 12.593)
20:05:49.196 [RMI TCP Connection(6)-192.168.56.1] INFO  o.a.c.c.C.[Tomcat].[localhost].[/]  - Initializing Spring DispatcherServlet 'dispatcherServlet'
20:05:49.196 [RMI TCP Connection(6)-192.168.56.1] INFO  o.s.web.servlet.DispatcherServlet  - Initializing Servlet 'dispatcherServlet'
20:05:49.198 [RMI TCP Connection(6)-192.168.56.1] INFO  o.s.web.servlet.DispatcherServlet  - Completed initialization in 2 ms
20:06:17.491 [DiscoveryClient-CacheRefreshExecutor-0] INFO  c.netflix.discovery.DiscoveryClient  - Disable delta property : false
20:06:17.492 [DiscoveryClient-CacheRefreshExecutor-0] INFO  c.netflix.discovery.DiscoveryClient  - Single vip registry refresh property : null
20:06:17.492 [DiscoveryClient-CacheRefreshExecutor-0] INFO  c.netflix.discovery.DiscoveryClient  - Force full registry fetch : false
20:06:17.492 [DiscoveryClient-CacheRefreshExecutor-0] INFO  c.netflix.discovery.DiscoveryClient  - Application is null : false
20:06:17.492 [DiscoveryClient-CacheRefreshExecutor-0] INFO  c.netflix.discovery.DiscoveryClient  - Registered Applications size is zero : true
20:06:17.492 [DiscoveryClient-CacheRefreshExecutor-0] INFO  c.netflix.discovery.DiscoveryClient  - Application version is -1: false
20:06:17.492 [DiscoveryClient-CacheRefreshExecutor-0] INFO  c.netflix.discovery.DiscoveryClient  - Getting all instance registry info from the eureka server
20:06:17.502 [DiscoveryClient-CacheRefreshExecutor-0] INFO  c.netflix.discovery.DiscoveryClient  - The response status is 200
20:10:47.172 [AsyncResolver-bootstrap-executor-0] INFO  c.n.d.s.r.aws.ConfigClusterResolver  - Resolving eureka endpoints via configuration
20:15:47.187 [AsyncResolver-bootstrap-executor-0] INFO  c.n.d.s.r.aws.ConfigClusterResolver  - Resolving eureka endpoints via configuration
20:20:47.201 [AsyncResolver-bootstrap-executor-0] INFO  c.n.d.s.r.aws.ConfigClusterResolver  - Resolving eureka endpoints via configuration
20:25:47.204 [AsyncResolver-bootstrap-executor-0] INFO  c.n.d.s.r.aws.ConfigClusterResolver  - Resolving eureka endpoints via configuration
20:30:47.215 [AsyncResolver-bootstrap-executor-0] INFO  c.n.d.s.r.aws.ConfigClusterResolver  - Resolving eureka endpoints via configuration
20:35:47.217 [AsyncResolver-bootstrap-executor-0] INFO  c.n.d.s.r.aws.ConfigClusterResolver  - Resolving eureka endpoints via configuration
20:40:47.222 [AsyncResolver-bootstrap-executor-0] INFO  c.n.d.s.r.aws.ConfigClusterResolver  - Resolving eureka endpoints via configuration
20:45:47.226 [AsyncResolver-bootstrap-executor-0] INFO  c.n.d.s.r.aws.ConfigClusterResolver  - Resolving eureka endpoints via configuration
20:47:25.962 [SpringApplicationShutdownHook] INFO  o.s.c.n.e.s.EurekaServiceRegistry  - Unregistering application USER-SERVICE with eureka with status DOWN
20:47:25.962 [SpringApplicationShutdownHook] INFO  c.netflix.discovery.DiscoveryClient  - Saw local status change event StatusChangeEvent [timestamp=1628768845962, current=DOWN, previous=UP]
20:47:25.963 [DiscoveryClient-InstanceInfoReplicator-0] INFO  c.netflix.discovery.DiscoveryClient  - DiscoveryClient_USER-SERVICE/localhost:user-service:8601: registering service...
20:47:25.971 [DiscoveryClient-InstanceInfoReplicator-0] INFO  c.netflix.discovery.DiscoveryClient  - DiscoveryClient_USER-SERVICE/localhost:user-service:8601 - registration status: 204
20:47:26.002 [SpringApplicationShutdownHook] INFO  o.s.o.j.LocalContainerEntityManagerFactoryBean  - Closing JPA EntityManagerFactory for persistence unit 'default'
20:47:26.004 [SpringApplicationShutdownHook] INFO  com.zaxxer.hikari.HikariDataSource  - HikariPool-1 - Shutdown initiated...
20:47:26.063 [SpringApplicationShutdownHook] INFO  com.zaxxer.hikari.HikariDataSource  - HikariPool-1 - Shutdown completed.
20:47:26.066 [SpringApplicationShutdownHook] INFO  c.netflix.discovery.DiscoveryClient  - Shutting down DiscoveryClient ...
20:47:29.070 [SpringApplicationShutdownHook] INFO  c.netflix.discovery.DiscoveryClient  - Unregistering ...
20:47:29.076 [SpringApplicationShutdownHook] INFO  c.netflix.discovery.DiscoveryClient  - DiscoveryClient_USER-SERVICE/localhost:user-service:8601 - deregister  status: 200
20:47:29.080 [SpringApplicationShutdownHook] INFO  c.netflix.discovery.DiscoveryClient  - Completed shut down of DiscoveryClient
20:47:34.245 [background-preinit] INFO  o.h.validator.internal.util.Version  - HV000001: Hibernate Validator 6.2.0.Final
20:47:34.249 [main] INFO  kr.bunda.user.UserApplication  - Starting UserApplication using Java 14 on DESKTOP-TGGJB9J with PID 36572 (G:\git\bunda\backend\user\target\classes started by kjhhj in G:\git\bunda\backend)
20:47:34.250 [main] INFO  kr.bunda.user.UserApplication  - The following profiles are active: prod-eureka,common,eureka
20:47:35.499 [main] INFO  o.s.d.r.c.RepositoryConfigurationDelegate  - Bootstrapping Spring Data JPA repositories in DEFAULT mode.
20:47:35.585 [main] INFO  o.s.d.r.c.RepositoryConfigurationDelegate  - Finished Spring Data repository scanning in 77 ms. Found 1 JPA repository interfaces.
20:47:35.885 [main] INFO  o.s.cloud.context.scope.GenericScope  - BeanFactory id=147bef7a-aa37-3245-8cb1-2a469b4ff0a9
20:47:36.372 [main] INFO  o.s.b.w.e.tomcat.TomcatWebServer  - Tomcat initialized with port(s): 8601 (http)
20:47:36.381 [main] INFO  o.a.coyote.http11.Http11NioProtocol  - Initializing ProtocolHandler ["http-nio-8601"]
20:47:36.381 [main] INFO  o.a.catalina.core.StandardService  - Starting service [Tomcat]
20:47:36.382 [main] INFO  o.a.catalina.core.StandardEngine  - Starting Servlet engine: [Apache Tomcat/9.0.50]
20:47:36.643 [main] INFO  o.a.c.c.C.[Tomcat].[localhost].[/]  - Initializing Spring embedded WebApplicationContext
20:47:36.643 [main] INFO  o.s.b.w.s.c.ServletWebServerApplicationContext  - Root WebApplicationContext: initialization completed in 2332 ms
20:47:36.960 [main] INFO  o.h.jpa.internal.util.LogHelper  - HHH000204: Processing PersistenceUnitInfo [name: default]
20:47:37.039 [main] INFO  org.hibernate.Version  - HHH000412: Hibernate ORM core version 5.4.32.Final
20:47:37.207 [main] INFO  o.h.annotations.common.Version  - HCANN000001: Hibernate Commons Annotations {5.1.2.Final}
20:47:37.342 [main] INFO  com.zaxxer.hikari.HikariDataSource  - HikariPool-1 - Starting...
20:47:37.710 [main] INFO  com.zaxxer.hikari.HikariDataSource  - HikariPool-1 - Start completed.
20:47:37.735 [main] INFO  org.hibernate.dialect.Dialect  - HHH000400: Using dialect: org.hibernate.dialect.MySQL8Dialect
20:47:38.572 [main] INFO  o.h.e.t.j.p.i.JtaPlatformInitiator  - HHH000490: Using JtaPlatform implementation: [org.hibernate.engine.transaction.jta.platform.internal.NoJtaPlatform]
20:47:38.587 [main] INFO  o.s.o.j.LocalContainerEntityManagerFactoryBean  - Initialized JPA EntityManagerFactory for persistence unit 'default'
20:47:39.066 [main] WARN  o.s.b.a.o.j.JpaBaseConfiguration$JpaWebConfiguration  - spring.jpa.open-in-view is enabled by default. Therefore, database queries may be performed during view rendering. Explicitly configure spring.jpa.open-in-view to disable this warning
20:47:40.702 [main] INFO  o.s.cloud.commons.util.InetUtils  - Cannot determine local hostname
20:47:41.056 [main] INFO  o.s.b.a.s.s.UserDetailsServiceAutoConfiguration  - 

Using generated security password: f8ea551d-6e4a-4138-ac88-9b084e96426a

20:47:41.227 [main] INFO  o.s.b.a.e.web.EndpointLinksResolver  - Exposing 14 endpoint(s) beneath base path '/actuator'
20:47:41.255 [main] INFO  o.s.s.web.DefaultSecurityFilterChain  - Will secure any request with [org.springframework.security.web.context.request.async.WebAsyncManagerIntegrationFilter@6a577564, org.springframework.security.web.context.SecurityContextPersistenceFilter@1ddc5857, org.springframework.security.web.header.HeaderWriterFilter@15e881c0, org.springframework.web.filter.CorsFilter@67915454, org.springframework.security.web.csrf.CsrfFilter@5dcec8e9, org.springframework.security.web.authentication.logout.LogoutFilter@58fbecde, org.springframework.security.web.authentication.UsernamePasswordAuthenticationFilter@235b4aea, org.springframework.security.web.authentication.ui.DefaultLoginPageGeneratingFilter@299615a5, org.springframework.security.web.authentication.ui.DefaultLogoutPageGeneratingFilter@18876fa9, org.springframework.security.web.authentication.www.BasicAuthenticationFilter@21dbd651, org.springframework.security.web.savedrequest.RequestCacheAwareFilter@42bbd21c, org.springframework.security.web.servletapi.SecurityContextHolderAwareRequestFilter@34ac72c3, org.springframework.security.web.authentication.AnonymousAuthenticationFilter@5a110e7d, org.springframework.security.web.session.SessionManagementFilter@159a32a4, org.springframework.security.web.access.ExceptionTranslationFilter@7c5fbde4, org.springframework.security.web.access.intercept.FilterSecurityInterceptor@3db145f7]
20:47:42.662 [main] INFO  o.s.cloud.commons.util.InetUtils  - Cannot determine local hostname
20:47:42.686 [main] INFO  o.s.c.n.e.c.DiscoveryClientOptionalArgsConfiguration  - Eureka HTTP Client uses RestTemplate.
20:47:42.827 [main] WARN  o.s.c.l.c.LoadBalancerCacheAutoConfiguration$LoadBalancerCaffeineWarnLogger  - Spring Cloud LoadBalancer is currently working with the default cache. You can switch to using Caffeine cache, by adding it and org.springframework.cache.caffeine.CaffeineCacheManager to the classpath.
20:47:43.002 [main] INFO  o.s.c.n.eureka.InstanceInfoFactory  - Setting initial instance status as: STARTING
20:47:43.075 [main] INFO  c.netflix.discovery.DiscoveryClient  - Initializing Eureka in region us-east-1
20:47:43.083 [main] INFO  c.n.d.s.r.aws.ConfigClusterResolver  - Resolving eureka endpoints via configuration
20:47:43.125 [main] INFO  c.netflix.discovery.DiscoveryClient  - Disable delta property : false
20:47:43.125 [main] INFO  c.netflix.discovery.DiscoveryClient  - Single vip registry refresh property : null
20:47:43.125 [main] INFO  c.netflix.discovery.DiscoveryClient  - Force full registry fetch : false
20:47:43.125 [main] INFO  c.netflix.discovery.DiscoveryClient  - Application is null : false
20:47:43.126 [main] INFO  c.netflix.discovery.DiscoveryClient  - Registered Applications size is zero : true
20:47:43.126 [main] INFO  c.netflix.discovery.DiscoveryClient  - Application version is -1: true
20:47:43.126 [main] INFO  c.netflix.discovery.DiscoveryClient  - Getting all instance registry info from the eureka server
20:47:43.659 [main] INFO  c.netflix.discovery.DiscoveryClient  - The response status is 200
20:47:43.666 [main] INFO  c.netflix.discovery.DiscoveryClient  - Starting heartbeat executor: renew interval is: 30
20:47:43.670 [main] INFO  c.n.discovery.InstanceInfoReplicator  - InstanceInfoReplicator onDemand update allowed rate per min is 4
20:47:43.682 [main] INFO  c.netflix.discovery.DiscoveryClient  - Discovery Client initialized at timestamp 1628768863678 with initial instances count: 1
20:47:43.685 [main] INFO  o.s.c.n.e.s.EurekaServiceRegistry  - Registering application USER-SERVICE with eureka with status UP
20:47:43.686 [main] INFO  c.netflix.discovery.DiscoveryClient  - Saw local status change event StatusChangeEvent [timestamp=1628768863686, current=UP, previous=STARTING]
20:47:43.689 [DiscoveryClient-InstanceInfoReplicator-0] INFO  c.netflix.discovery.DiscoveryClient  - DiscoveryClient_USER-SERVICE/localhost:user-service:8601: registering service...
20:47:43.689 [main] INFO  o.a.coyote.http11.Http11NioProtocol  - Starting ProtocolHandler ["http-nio-8601"]
20:47:43.732 [main] INFO  o.s.b.w.e.tomcat.TomcatWebServer  - Tomcat started on port(s): 8601 (http) with context path ''
20:47:43.734 [main] INFO  o.s.c.n.e.s.EurekaAutoServiceRegistration  - Updating port to 8601
20:47:43.755 [DiscoveryClient-InstanceInfoReplicator-0] INFO  c.netflix.discovery.DiscoveryClient  - DiscoveryClient_USER-SERVICE/localhost:user-service:8601 - registration status: 204
20:47:45.010 [main] INFO  o.s.cloud.commons.util.InetUtils  - Cannot determine local hostname
20:47:45.027 [main] INFO  kr.bunda.user.UserApplication  - Started UserApplication in 12.8 seconds (JVM running for 14.086)
20:47:45.159 [RMI TCP Connection(28)-192.168.56.1] INFO  o.a.c.c.C.[Tomcat].[localhost].[/]  - Initializing Spring DispatcherServlet 'dispatcherServlet'
20:47:45.159 [RMI TCP Connection(28)-192.168.56.1] INFO  o.s.web.servlet.DispatcherServlet  - Initializing Servlet 'dispatcherServlet'
20:47:45.160 [RMI TCP Connection(28)-192.168.56.1] INFO  o.s.web.servlet.DispatcherServlet  - Completed initialization in 1 ms
20:51:04.199 [SpringApplicationShutdownHook] INFO  o.s.c.n.e.s.EurekaServiceRegistry  - Unregistering application USER-SERVICE with eureka with status DOWN
20:51:04.200 [SpringApplicationShutdownHook] INFO  c.netflix.discovery.DiscoveryClient  - Saw local status change event StatusChangeEvent [timestamp=1628769064200, current=DOWN, previous=UP]
20:51:04.200 [DiscoveryClient-InstanceInfoReplicator-0] INFO  c.netflix.discovery.DiscoveryClient  - DiscoveryClient_USER-SERVICE/localhost:user-service:8601: registering service...
20:51:04.204 [DiscoveryClient-InstanceInfoReplicator-0] INFO  c.netflix.discovery.DiscoveryClient  - DiscoveryClient_USER-SERVICE/localhost:user-service:8601 - registration status: 204
20:51:04.240 [SpringApplicationShutdownHook] INFO  o.s.o.j.LocalContainerEntityManagerFactoryBean  - Closing JPA EntityManagerFactory for persistence unit 'default'
20:51:04.242 [SpringApplicationShutdownHook] INFO  com.zaxxer.hikari.HikariDataSource  - HikariPool-1 - Shutdown initiated...
20:51:04.285 [SpringApplicationShutdownHook] INFO  com.zaxxer.hikari.HikariDataSource  - HikariPool-1 - Shutdown completed.
20:51:04.288 [SpringApplicationShutdownHook] INFO  c.netflix.discovery.DiscoveryClient  - Shutting down DiscoveryClient ...
20:51:07.290 [SpringApplicationShutdownHook] INFO  c.netflix.discovery.DiscoveryClient  - Unregistering ...
20:51:07.294 [SpringApplicationShutdownHook] INFO  c.netflix.discovery.DiscoveryClient  - DiscoveryClient_USER-SERVICE/localhost:user-service:8601 - deregister  status: 200
20:51:07.298 [SpringApplicationShutdownHook] INFO  c.netflix.discovery.DiscoveryClient  - Completed shut down of DiscoveryClient
20:51:17.833 [background-preinit] INFO  o.h.validator.internal.util.Version  - HV000001: Hibernate Validator 6.2.0.Final
20:51:17.835 [main] INFO  kr.bunda.user.UserApplication  - Starting UserApplication using Java 14 on DESKTOP-TGGJB9J with PID 25332 (G:\git\bunda\backend\user\target\classes started by kjhhj in G:\git\bunda\backend)
20:51:17.836 [main] INFO  kr.bunda.user.UserApplication  - The following profiles are active: prod-eureka,common,eureka
20:51:18.908 [main] INFO  o.s.d.r.c.RepositoryConfigurationDelegate  - Bootstrapping Spring Data JPA repositories in DEFAULT mode.
20:51:18.983 [main] INFO  o.s.d.r.c.RepositoryConfigurationDelegate  - Finished Spring Data repository scanning in 68 ms. Found 1 JPA repository interfaces.
20:51:19.236 [main] INFO  o.s.cloud.context.scope.GenericScope  - BeanFactory id=b17e4616-2ec2-3abb-a55c-7e263e2cd4e0
20:51:19.637 [main] INFO  o.s.b.w.e.tomcat.TomcatWebServer  - Tomcat initialized with port(s): 8601 (http)
20:51:19.644 [main] INFO  o.a.coyote.http11.Http11NioProtocol  - Initializing ProtocolHandler ["http-nio-8601"]
20:51:19.644 [main] INFO  o.a.catalina.core.StandardService  - Starting service [Tomcat]
20:51:19.644 [main] INFO  o.a.catalina.core.StandardEngine  - Starting Servlet engine: [Apache Tomcat/9.0.50]
20:51:19.881 [main] INFO  o.a.c.c.C.[Tomcat].[localhost].[/]  - Initializing Spring embedded WebApplicationContext
20:51:19.881 [main] INFO  o.s.b.w.s.c.ServletWebServerApplicationContext  - Root WebApplicationContext: initialization completed in 2001 ms
20:51:20.137 [main] INFO  o.h.jpa.internal.util.LogHelper  - HHH000204: Processing PersistenceUnitInfo [name: default]
20:51:20.198 [main] INFO  org.hibernate.Version  - HHH000412: Hibernate ORM core version 5.4.32.Final
20:51:20.328 [main] INFO  o.h.annotations.common.Version  - HCANN000001: Hibernate Commons Annotations {5.1.2.Final}
20:51:20.440 [main] INFO  com.zaxxer.hikari.HikariDataSource  - HikariPool-1 - Starting...
20:51:20.746 [main] INFO  com.zaxxer.hikari.HikariDataSource  - HikariPool-1 - Start completed.
20:51:20.777 [main] INFO  org.hibernate.dialect.Dialect  - HHH000400: Using dialect: org.hibernate.dialect.MySQL8Dialect
20:51:21.487 [main] INFO  o.h.e.t.j.p.i.JtaPlatformInitiator  - HHH000490: Using JtaPlatform implementation: [org.hibernate.engine.transaction.jta.platform.internal.NoJtaPlatform]
20:51:21.498 [main] INFO  o.s.o.j.LocalContainerEntityManagerFactoryBean  - Initialized JPA EntityManagerFactory for persistence unit 'default'
20:51:21.826 [main] INFO  o.s.b.a.s.s.UserDetailsServiceAutoConfiguration  - 

Using generated security password: a6af922d-58fc-4769-839e-4d7f6b43584c

20:51:21.875 [main] WARN  o.s.b.a.o.j.JpaBaseConfiguration$JpaWebConfiguration  - spring.jpa.open-in-view is enabled by default. Therefore, database queries may be performed during view rendering. Explicitly configure spring.jpa.open-in-view to disable this warning
20:51:22.012 [main] INFO  o.s.s.web.DefaultSecurityFilterChain  - Will secure any request with [org.springframework.security.web.context.request.async.WebAsyncManagerIntegrationFilter@1d4c6e32, org.springframework.security.web.context.SecurityContextPersistenceFilter@496e0f9d, org.springframework.security.web.header.HeaderWriterFilter@590336ed, org.springframework.security.web.csrf.CsrfFilter@6265a548, org.springframework.security.web.authentication.logout.LogoutFilter@1f24e33d, org.springframework.security.web.savedrequest.RequestCacheAwareFilter@63c163e1, org.springframework.security.web.servletapi.SecurityContextHolderAwareRequestFilter@57fae911, org.springframework.security.web.authentication.AnonymousAuthenticationFilter@3a5ffea, org.springframework.security.web.session.SessionManagementFilter@68fc1e7f, org.springframework.security.web.access.ExceptionTranslationFilter@682d8dad, org.springframework.security.web.access.intercept.FilterSecurityInterceptor@3ace65df]
20:51:23.585 [main] INFO  o.s.cloud.commons.util.InetUtils  - Cannot determine local hostname
20:51:25.195 [main] INFO  o.s.cloud.commons.util.InetUtils  - Cannot determine local hostname
20:51:25.202 [main] INFO  o.s.c.n.e.c.DiscoveryClientOptionalArgsConfiguration  - Eureka HTTP Client uses RestTemplate.
20:51:25.265 [main] WARN  o.s.c.l.c.LoadBalancerCacheAutoConfiguration$LoadBalancerCaffeineWarnLogger  - Spring Cloud LoadBalancer is currently working with the default cache. You can switch to using Caffeine cache, by adding it and org.springframework.cache.caffeine.CaffeineCacheManager to the classpath.
20:51:25.271 [main] INFO  o.s.b.a.e.web.EndpointLinksResolver  - Exposing 14 endpoint(s) beneath base path '/actuator'
20:51:25.360 [main] INFO  o.s.c.n.eureka.InstanceInfoFactory  - Setting initial instance status as: STARTING
20:51:25.408 [main] INFO  c.netflix.discovery.DiscoveryClient  - Initializing Eureka in region us-east-1
20:51:25.413 [main] INFO  c.n.d.s.r.aws.ConfigClusterResolver  - Resolving eureka endpoints via configuration
20:51:25.441 [main] INFO  c.netflix.discovery.DiscoveryClient  - Disable delta property : false
20:51:25.441 [main] INFO  c.netflix.discovery.DiscoveryClient  - Single vip registry refresh property : null
20:51:25.441 [main] INFO  c.netflix.discovery.DiscoveryClient  - Force full registry fetch : false
20:51:25.441 [main] INFO  c.netflix.discovery.DiscoveryClient  - Application is null : false
20:51:25.441 [main] INFO  c.netflix.discovery.DiscoveryClient  - Registered Applications size is zero : true
20:51:25.441 [main] INFO  c.netflix.discovery.DiscoveryClient  - Application version is -1: true
20:51:25.441 [main] INFO  c.netflix.discovery.DiscoveryClient  - Getting all instance registry info from the eureka server
20:51:25.737 [main] INFO  c.netflix.discovery.DiscoveryClient  - The response status is 200
20:51:25.743 [main] INFO  c.netflix.discovery.DiscoveryClient  - Starting heartbeat executor: renew interval is: 30
20:51:25.748 [main] INFO  c.n.discovery.InstanceInfoReplicator  - InstanceInfoReplicator onDemand update allowed rate per min is 4
20:51:25.753 [main] INFO  c.netflix.discovery.DiscoveryClient  - Discovery Client initialized at timestamp 1628769085753 with initial instances count: 2
20:51:25.756 [main] INFO  o.s.c.n.e.s.EurekaServiceRegistry  - Registering application USER-SERVICE with eureka with status UP
20:51:25.756 [main] INFO  c.netflix.discovery.DiscoveryClient  - Saw local status change event StatusChangeEvent [timestamp=1628769085756, current=UP, previous=STARTING]
20:51:25.759 [DiscoveryClient-InstanceInfoReplicator-0] INFO  c.netflix.discovery.DiscoveryClient  - DiscoveryClient_USER-SERVICE/localhost:user-service:8601: registering service...
20:51:25.760 [main] INFO  o.a.coyote.http11.Http11NioProtocol  - Starting ProtocolHandler ["http-nio-8601"]
20:51:25.787 [main] INFO  o.s.b.w.e.tomcat.TomcatWebServer  - Tomcat started on port(s): 8601 (http) with context path ''
20:51:25.788 [main] INFO  o.s.c.n.e.s.EurekaAutoServiceRegistration  - Updating port to 8601
20:51:25.806 [DiscoveryClient-InstanceInfoReplicator-0] INFO  c.netflix.discovery.DiscoveryClient  - DiscoveryClient_USER-SERVICE/localhost:user-service:8601 - registration status: 204
20:51:27.084 [main] INFO  o.s.cloud.commons.util.InetUtils  - Cannot determine local hostname
20:51:27.101 [main] INFO  kr.bunda.user.UserApplication  - Started UserApplication in 11.007 seconds (JVM running for 11.88)
20:51:27.557 [RMI TCP Connection(13)-192.168.56.1] INFO  o.a.c.c.C.[Tomcat].[localhost].[/]  - Initializing Spring DispatcherServlet 'dispatcherServlet'
20:51:27.557 [RMI TCP Connection(13)-192.168.56.1] INFO  o.s.web.servlet.DispatcherServlet  - Initializing Servlet 'dispatcherServlet'
20:51:27.559 [RMI TCP Connection(13)-192.168.56.1] INFO  o.s.web.servlet.DispatcherServlet  - Completed initialization in 1 ms
20:56:25.448 [AsyncResolver-bootstrap-executor-0] INFO  c.n.d.s.r.aws.ConfigClusterResolver  - Resolving eureka endpoints via configuration
21:01:25.450 [AsyncResolver-bootstrap-executor-0] INFO  c.n.d.s.r.aws.ConfigClusterResolver  - Resolving eureka endpoints via configuration
21:06:25.454 [AsyncResolver-bootstrap-executor-0] INFO  c.n.d.s.r.aws.ConfigClusterResolver  - Resolving eureka endpoints via configuration
21:10:05.962 [SpringApplicationShutdownHook] INFO  o.s.c.n.e.s.EurekaServiceRegistry  - Unregistering application USER-SERVICE with eureka with status DOWN
21:10:05.962 [SpringApplicationShutdownHook] INFO  c.netflix.discovery.DiscoveryClient  - Saw local status change event StatusChangeEvent [timestamp=1628770205962, current=DOWN, previous=UP]
21:10:05.962 [DiscoveryClient-InstanceInfoReplicator-0] INFO  c.netflix.discovery.DiscoveryClient  - DiscoveryClient_USER-SERVICE/localhost:user-service:8601: registering service...
21:10:05.970 [DiscoveryClient-InstanceInfoReplicator-0] INFO  c.netflix.discovery.DiscoveryClient  - DiscoveryClient_USER-SERVICE/localhost:user-service:8601 - registration status: 204
21:10:06.002 [SpringApplicationShutdownHook] INFO  o.s.o.j.LocalContainerEntityManagerFactoryBean  - Closing JPA EntityManagerFactory for persistence unit 'default'
21:10:06.004 [SpringApplicationShutdownHook] INFO  com.zaxxer.hikari.HikariDataSource  - HikariPool-1 - Shutdown initiated...
21:10:06.044 [SpringApplicationShutdownHook] INFO  com.zaxxer.hikari.HikariDataSource  - HikariPool-1 - Shutdown completed.
21:10:06.046 [SpringApplicationShutdownHook] INFO  c.netflix.discovery.DiscoveryClient  - Shutting down DiscoveryClient ...
